app/build/intermediates/manifest_merge_blame_file/debug/manifest-merger-blame-debug-report.txt
1<?xml version="1.0" encoding="utf-8"?>
2<manifest xmlns:android="http://schemas.android.com/apk/res/android"
3    package="com.example.hives"
4    android:versionCode="1"
5    android:versionName="1.0" >
6
7    <uses-sdk
8        android:minSdkVersion="15"
8-->src/main/AndroidManifest.xml
9        android:targetSdkVersion="29" />
9-->src/main/AndroidManifest.xml
10
11    <uses-permission android:name="android.permission.INTERNET" />
11-->src/main/AndroidManifest.xml:5:5-67
11-->src/main/AndroidManifest.xml:5:22-64
12    <uses-permission android:name="android.permission.ACCESS_NETWORK_STATE" />
12-->src/main/AndroidManifest.xml:6:5-79
12-->src/main/AndroidManifest.xml:6:22-76
13    <uses-permission android:name="android.permission.READ_EXTERNAL_STORAGE" />
13-->src/main/AndroidManifest.xml:7:5-80
13-->src/main/AndroidManifest.xml:7:22-77
14    <uses-permission android:name="android.permission.WRITE_EXTERNAL_STORAGE" />
14-->src/main/AndroidManifest.xml:8:5-81
14-->src/main/AndroidManifest.xml:8:22-78
15    <uses-permission android:name="android.permission.ACCESS_FINE_LOCATION" />
15-->src/main/AndroidManifest.xml:9:5-79
15-->src/main/AndroidManifest.xml:9:22-76
16    <uses-permission android:name="android.permission.ACCESS_COARSE_LOCATION" />
16-->src/main/AndroidManifest.xml:10:5-81
16-->src/main/AndroidManifest.xml:10:22-78
17
18    <!-- Create a unique permission for your app and use it so only your app can receive your OneSignal messages. -->
19    <permission
19-->[com.onesignal:OneSignal:3.12.3] AndroidManifest.xml:7:5-9:47
20        android:name="com.example.hives.permission.C2D_MESSAGE"
20-->[com.onesignal:OneSignal:3.12.3] AndroidManifest.xml:8:9-63
21        android:protectionLevel="signature" />
21-->[com.onesignal:OneSignal:3.12.3] AndroidManifest.xml:9:9-44
22
23    <uses-permission android:name="com.example.hives.permission.C2D_MESSAGE" />
23-->[com.onesignal:OneSignal:3.12.3] AndroidManifest.xml:11:5-79
23-->[com.onesignal:OneSignal:3.12.3] AndroidManifest.xml:11:22-76
24    <uses-permission android:name="com.google.android.c2dm.permission.RECEIVE" /> <!-- Required, makes sure notifications are delivered on time. -->
24-->[com.onesignal:OneSignal:3.12.3] AndroidManifest.xml:17:5-82
24-->[com.onesignal:OneSignal:3.12.3] AndroidManifest.xml:17:22-79
25    <uses-permission android:name="android.permission.WAKE_LOCK" />
25-->[com.onesignal:OneSignal:3.12.3] AndroidManifest.xml:18:5-68
25-->[com.onesignal:OneSignal:3.12.3] AndroidManifest.xml:18:22-65
26    <!--
27 Required so the device vibrates on receiving a push notification.
28         Vibration settings of the device still apply.
29    -->
30    <uses-permission android:name="android.permission.VIBRATE" />
30-->[com.onesignal:OneSignal:3.12.3] AndroidManifest.xml:23:5-66
30-->[com.onesignal:OneSignal:3.12.3] AndroidManifest.xml:23:22-63
31    <!--
32 Use to restore notifications the user hasn't interacted with.
33         They could be missed notifications if the user reboots their device if this isn't in place.
34    -->
35    <uses-permission android:name="android.permission.RECEIVE_BOOT_COMPLETED" /> <!-- START: ShortcutBadger -->
35-->[com.onesignal:OneSignal:3.12.3] AndroidManifest.xml:29:5-81
35-->[com.onesignal:OneSignal:3.12.3] AndroidManifest.xml:29:22-78
36    <!-- Samsung -->
37    <uses-permission android:name="com.sec.android.provider.badge.permission.READ" />
37-->[com.onesignal:OneSignal:3.12.3] AndroidManifest.xml:31:5-86
37-->[com.onesignal:OneSignal:3.12.3] AndroidManifest.xml:31:22-83
38    <uses-permission android:name="com.sec.android.provider.badge.permission.WRITE" /> <!-- HTC -->
38-->[com.onesignal:OneSignal:3.12.3] AndroidManifest.xml:32:5-87
38-->[com.onesignal:OneSignal:3.12.3] AndroidManifest.xml:32:22-84
39    <uses-permission android:name="com.htc.launcher.permission.READ_SETTINGS" />
39-->[com.onesignal:OneSignal:3.12.3] AndroidManifest.xml:33:5-81
39-->[com.onesignal:OneSignal:3.12.3] AndroidManifest.xml:33:22-78
40    <uses-permission android:name="com.htc.launcher.permission.UPDATE_SHORTCUT" /> <!-- Sony -->
40-->[com.onesignal:OneSignal:3.12.3] AndroidManifest.xml:34:5-83
40-->[com.onesignal:OneSignal:3.12.3] AndroidManifest.xml:34:22-80
41    <uses-permission android:name="com.sonyericsson.home.permission.BROADCAST_BADGE" />
41-->[com.onesignal:OneSignal:3.12.3] AndroidManifest.xml:35:5-88
41-->[com.onesignal:OneSignal:3.12.3] AndroidManifest.xml:35:22-85
42    <uses-permission android:name="com.sonymobile.home.permission.PROVIDER_INSERT_BADGE" /> <!-- Apex -->
42-->[com.onesignal:OneSignal:3.12.3] AndroidManifest.xml:36:5-92
42-->[com.onesignal:OneSignal:3.12.3] AndroidManifest.xml:36:22-89
43    <uses-permission android:name="com.anddoes.launcher.permission.UPDATE_COUNT" /> <!-- Solid -->
43-->[com.onesignal:OneSignal:3.12.3] AndroidManifest.xml:37:5-84
43-->[com.onesignal:OneSignal:3.12.3] AndroidManifest.xml:37:22-81
44    <uses-permission android:name="com.majeur.launcher.permission.UPDATE_BADGE" /> <!-- Huawei -->
44-->[com.onesignal:OneSignal:3.12.3] AndroidManifest.xml:38:5-83
44-->[com.onesignal:OneSignal:3.12.3] AndroidManifest.xml:38:22-80
45    <uses-permission android:name="com.huawei.android.launcher.permission.CHANGE_BADGE" />
45-->[com.onesignal:OneSignal:3.12.3] AndroidManifest.xml:39:5-91
45-->[com.onesignal:OneSignal:3.12.3] AndroidManifest.xml:39:22-88
46    <uses-permission android:name="com.huawei.android.launcher.permission.READ_SETTINGS" />
46-->[com.onesignal:OneSignal:3.12.3] AndroidManifest.xml:40:5-92
46-->[com.onesignal:OneSignal:3.12.3] AndroidManifest.xml:40:22-89
47    <uses-permission android:name="com.huawei.android.launcher.permission.WRITE_SETTINGS" /> <!-- ZUK -->
47-->[com.onesignal:OneSignal:3.12.3] AndroidManifest.xml:41:5-93
47-->[com.onesignal:OneSignal:3.12.3] AndroidManifest.xml:41:22-90
48    <uses-permission android:name="android.permission.READ_APP_BADGE" /> <!-- OPPO -->
48-->[com.onesignal:OneSignal:3.12.3] AndroidManifest.xml:42:5-73
48-->[com.onesignal:OneSignal:3.12.3] AndroidManifest.xml:42:22-70
49    <uses-permission android:name="com.oppo.launcher.permission.READ_SETTINGS" />
49-->[com.onesignal:OneSignal:3.12.3] AndroidManifest.xml:43:5-82
49-->[com.onesignal:OneSignal:3.12.3] AndroidManifest.xml:43:22-79
50    <uses-permission android:name="com.oppo.launcher.permission.WRITE_SETTINGS" /> <!-- EvMe -->
50-->[com.onesignal:OneSignal:3.12.3] AndroidManifest.xml:44:5-83
50-->[com.onesignal:OneSignal:3.12.3] AndroidManifest.xml:44:22-80
51    <uses-permission android:name="me.everything.badger.permission.BADGE_COUNT_READ" />
51-->[com.onesignal:OneSignal:3.12.3] AndroidManifest.xml:45:5-88
51-->[com.onesignal:OneSignal:3.12.3] AndroidManifest.xml:45:22-85
52    <uses-permission android:name="me.everything.badger.permission.BADGE_COUNT_WRITE" />
52-->[com.onesignal:OneSignal:3.12.3] AndroidManifest.xml:46:5-89
52-->[com.onesignal:OneSignal:3.12.3] AndroidManifest.xml:46:22-86
53    <uses-permission android:name="com.google.android.finsky.permission.BIND_GET_INSTALL_REFERRER_SERVICE" />
53-->[com.google.firebase:firebase-analytics:16.0.4] AndroidManifest.xml:26:5-110
53-->[com.google.firebase:firebase-analytics:16.0.4] AndroidManifest.xml:26:22-107
54
55    <application
55-->src/main/AndroidManifest.xml:12:5-48:19
56        android:allowBackup="true"
56-->src/main/AndroidManifest.xml:13:9-35
57        android:appComponentFactory="androidx.core.app.CoreComponentFactory"
57-->[androidx.core:core:1.1.0] AndroidManifest.xml:24:18-86
58        android:debuggable="true"
59        android:icon="@mipmap/ic_launcher"
59-->src/main/AndroidManifest.xml:14:9-43
60        android:label="@string/app_name"
60-->src/main/AndroidManifest.xml:15:9-41
61        android:roundIcon="@mipmap/ic_launcher_round"
61-->src/main/AndroidManifest.xml:16:9-54
62        android:supportsRtl="true"
62-->src/main/AndroidManifest.xml:17:9-35
63        android:testOnly="true"
64        android:theme="@style/AppTheme" >
64-->src/main/AndroidManifest.xml:18:9-40
65        <activity android:name="com.example.hives.NotificationActivity" />
65-->src/main/AndroidManifest.xml:19:9-67
65-->src/main/AndroidManifest.xml:19:19-55
66        <activity android:name="com.example.hives.joinedHivesActivity" />
66-->src/main/AndroidManifest.xml:20:9-57
66-->src/main/AndroidManifest.xml:20:19-54
67        <activity android:name="com.example.hives.ViewPost" />
67-->src/main/AndroidManifest.xml:21:9-46
67-->src/main/AndroidManifest.xml:21:19-43
68        <activity android:name="com.example.hives.EditHiveActivity" />
68-->src/main/AndroidManifest.xml:22:9-54
68-->src/main/AndroidManifest.xml:22:19-51
69        <activity android:name="com.example.hives.CreateHiveActivity" />
69-->src/main/AndroidManifest.xml:23:9-56
69-->src/main/AndroidManifest.xml:23:19-53
70        <activity android:name="com.example.hives.AddPost" />
70-->src/main/AndroidManifest.xml:24:9-45
70-->src/main/AndroidManifest.xml:24:19-42
71        <activity android:name="com.example.hives.HiveProfile" />
71-->src/main/AndroidManifest.xml:25:9-49
71-->src/main/AndroidManifest.xml:25:19-46
72        <activity android:name="com.example.hives.StartActivity" />
72-->src/main/AndroidManifest.xml:26:9-51
72-->src/main/AndroidManifest.xml:26:19-48
73        <activity android:name="com.example.hives.SigninActivity" />
73-->src/main/AndroidManifest.xml:27:9-52
73-->src/main/AndroidManifest.xml:27:19-49
74        <activity android:name="com.example.hives.Register" />
74-->src/main/AndroidManifest.xml:28:9-46
74-->src/main/AndroidManifest.xml:28:19-43
75        <activity android:name="com.example.hives.ProfileActivity" />
75-->src/main/AndroidManifest.xml:29:9-53
75-->src/main/AndroidManifest.xml:29:19-50
76        <activity android:name="com.example.hives.SetUpActivity" />
76-->src/main/AndroidManifest.xml:30:9-51
76-->src/main/AndroidManifest.xml:30:19-48
77        <activity android:name="com.example.hives.ForgotPasswordActivity" />
77-->src/main/AndroidManifest.xml:31:9-60
77-->src/main/AndroidManifest.xml:31:19-57
78        <activity android:name="com.example.hives.searchActivity" />
78-->src/main/AndroidManifest.xml:32:9-52
78-->src/main/AndroidManifest.xml:32:19-49
79        <activity android:name="com.example.hives.ViewHive" />
79-->src/main/AndroidManifest.xml:33:9-46
79-->src/main/AndroidManifest.xml:33:19-43
80        <activity android:name="com.example.hives.settingsActivity" />
80-->src/main/AndroidManifest.xml:34:9-54
80-->src/main/AndroidManifest.xml:34:19-51
81        <activity android:name="com.example.hives.PopUpDelPost" />
81-->src/main/AndroidManifest.xml:35:9-50
81-->src/main/AndroidManifest.xml:35:19-47
82        <activity android:name="com.example.hives.EditProfileActivity" />
82-->src/main/AndroidManifest.xml:36:9-56
82-->src/main/AndroidManifest.xml:36:19-54
83        <activity android:name="com.example.hives.PopUpDelAcc" />
83-->src/main/AndroidManifest.xml:37:9-48
83-->src/main/AndroidManifest.xml:37:19-46
84        <activity android:name="com.example.hives.MainActivity" >
84-->src/main/AndroidManifest.xml:38:9-44:20
84-->src/main/AndroidManifest.xml:38:19-47
85            <intent-filter>
85-->src/main/AndroidManifest.xml:39:13-43:29
86                <action android:name="android.intent.action.MAIN" />
86-->src/main/AndroidManifest.xml:40:17-69
86-->src/main/AndroidManifest.xml:40:25-66
87
88                <category android:name="android.intent.category.LAUNCHER" />
88-->src/main/AndroidManifest.xml:42:17-77
88-->src/main/AndroidManifest.xml:42:27-74
89            </intent-filter>
90        </activity>
91        <activity
91-->src/main/AndroidManifest.xml:45:9-47:59
92            android:name="com.theartofdev.edmodo.cropper.CropImageActivity"
92-->src/main/AndroidManifest.xml:46:13-76
93            android:theme="@style/Base.Theme.AppCompat" />
93-->src/main/AndroidManifest.xml:47:13-56
94
95        <meta-data
95-->[com.onesignal:OneSignal:3.12.3] AndroidManifest.xml:49:9-51:51
96            android:name="onesignal_app_id"
96-->[com.onesignal:OneSignal:3.12.3] AndroidManifest.xml:50:13-44
97            android:value="3b001883-5fd6-4313-b582-c35c30c7a397" /> <!-- Deprecated - Pulled from OneSignal dashboard. -->
97-->[com.onesignal:OneSignal:3.12.3] AndroidManifest.xml:51:13-48
98        <meta-data
98-->[com.onesignal:OneSignal:3.12.3] AndroidManifest.xml:53:9-55:70
99            android:name="onesignal_google_project_number"
99-->[com.onesignal:OneSignal:3.12.3] AndroidManifest.xml:54:13-59
100            android:value="str:REMOTE" />
100-->[com.onesignal:OneSignal:3.12.3] AndroidManifest.xml:55:13-67
101
102        <receiver
102-->[com.onesignal:OneSignal:3.12.3] AndroidManifest.xml:57:9-67:20
103            android:name="com.onesignal.GcmBroadcastReceiver"
103-->[com.onesignal:OneSignal:3.12.3] AndroidManifest.xml:58:13-62
104            android:permission="com.google.android.c2dm.permission.SEND" >
104-->[com.onesignal:OneSignal:3.12.3] AndroidManifest.xml:59:13-73
105
106            <!-- High priority so OneSignal payloads can be filtered from other GCM receivers if filterOtherGCMReceivers is enabled. -->
107            <intent-filter android:priority="999" >
107-->[com.onesignal:OneSignal:3.12.3] AndroidManifest.xml:62:13-66:29
107-->[com.onesignal:OneSignal:3.12.3] AndroidManifest.xml:62:28-50
108                <action android:name="com.google.android.c2dm.intent.RECEIVE" />
108-->[com.onesignal:OneSignal:3.12.3] AndroidManifest.xml:63:17-81
108-->[com.onesignal:OneSignal:3.12.3] AndroidManifest.xml:63:25-78
109
110                <category android:name="com.example.hives" />
110-->[com.onesignal:OneSignal:3.12.3] AndroidManifest.xml:65:17-61
110-->[com.onesignal:OneSignal:3.12.3] AndroidManifest.xml:65:27-58
111            </intent-filter>
112        </receiver>
113        <receiver android:name="com.onesignal.NotificationOpenedReceiver" />
113-->[com.onesignal:OneSignal:3.12.3] AndroidManifest.xml:68:9-77
113-->[com.onesignal:OneSignal:3.12.3] AndroidManifest.xml:68:19-74
114
115        <service android:name="com.onesignal.GcmIntentService" />
115-->[com.onesignal:OneSignal:3.12.3] AndroidManifest.xml:70:9-66
115-->[com.onesignal:OneSignal:3.12.3] AndroidManifest.xml:70:18-63
116        <service
116-->[com.onesignal:OneSignal:3.12.3] AndroidManifest.xml:71:9-73:72
117            android:name="com.onesignal.GcmIntentJobService"
117-->[com.onesignal:OneSignal:3.12.3] AndroidManifest.xml:72:13-61
118            android:permission="android.permission.BIND_JOB_SERVICE" />
118-->[com.onesignal:OneSignal:3.12.3] AndroidManifest.xml:73:13-69
119        <service
119-->[com.onesignal:OneSignal:3.12.3] AndroidManifest.xml:74:9-76:72
120            android:name="com.onesignal.RestoreJobService"
120-->[com.onesignal:OneSignal:3.12.3] AndroidManifest.xml:75:13-59
121            android:permission="android.permission.BIND_JOB_SERVICE" />
121-->[com.onesignal:OneSignal:3.12.3] AndroidManifest.xml:76:13-69
122        <service
122-->[com.onesignal:OneSignal:3.12.3] AndroidManifest.xml:77:9-79:72
123            android:name="com.onesignal.RestoreKickoffJobService"
123-->[com.onesignal:OneSignal:3.12.3] AndroidManifest.xml:78:13-66
124            android:permission="android.permission.BIND_JOB_SERVICE" />
124-->[com.onesignal:OneSignal:3.12.3] AndroidManifest.xml:79:13-69
125        <service
125-->[com.onesignal:OneSignal:3.12.3] AndroidManifest.xml:80:9-82:43
126            android:name="com.onesignal.SyncService"
126-->[com.onesignal:OneSignal:3.12.3] AndroidManifest.xml:81:13-53
127            android:stopWithTask="true" />
127-->[com.onesignal:OneSignal:3.12.3] AndroidManifest.xml:82:13-40
128        <service
128-->[com.onesignal:OneSignal:3.12.3] AndroidManifest.xml:83:9-85:72
129            android:name="com.onesignal.SyncJobService"
129-->[com.onesignal:OneSignal:3.12.3] AndroidManifest.xml:84:13-56
130            android:permission="android.permission.BIND_JOB_SERVICE" />
130-->[com.onesignal:OneSignal:3.12.3] AndroidManifest.xml:85:13-69
131
132        <activity
132-->[com.onesignal:OneSignal:3.12.3] AndroidManifest.xml:87:9-89:75
133            android:name="com.onesignal.PermissionsActivity"
133-->[com.onesignal:OneSignal:3.12.3] AndroidManifest.xml:88:13-61
134            android:theme="@android:style/Theme.Translucent.NoTitleBar" />
134-->[com.onesignal:OneSignal:3.12.3] AndroidManifest.xml:89:13-72
135
136        <service android:name="com.onesignal.NotificationRestoreService" />
136-->[com.onesignal:OneSignal:3.12.3] AndroidManifest.xml:91:9-76
136-->[com.onesignal:OneSignal:3.12.3] AndroidManifest.xml:91:18-73
137
138        <receiver android:name="com.onesignal.BootUpReceiver" >
138-->[com.onesignal:OneSignal:3.12.3] AndroidManifest.xml:93:9-98:20
138-->[com.onesignal:OneSignal:3.12.3] AndroidManifest.xml:93:19-62
139            <intent-filter>
139-->[com.onesignal:OneSignal:3.12.3] AndroidManifest.xml:94:13-97:29
140                <action android:name="android.intent.action.BOOT_COMPLETED" />
140-->[com.onesignal:OneSignal:3.12.3] AndroidManifest.xml:95:17-79
140-->[com.onesignal:OneSignal:3.12.3] AndroidManifest.xml:95:25-76
141                <action android:name="android.intent.action.QUICKBOOT_POWERON" />
141-->[com.onesignal:OneSignal:3.12.3] AndroidManifest.xml:96:17-82
141-->[com.onesignal:OneSignal:3.12.3] AndroidManifest.xml:96:25-79
142            </intent-filter>
143        </receiver>
144        <receiver android:name="com.onesignal.UpgradeReceiver" >
144-->[com.onesignal:OneSignal:3.12.3] AndroidManifest.xml:99:9-103:20
144-->[com.onesignal:OneSignal:3.12.3] AndroidManifest.xml:99:19-63
145            <intent-filter>
145-->[com.onesignal:OneSignal:3.12.3] AndroidManifest.xml:100:13-102:29
146                <action android:name="android.intent.action.MY_PACKAGE_REPLACED" />
146-->[com.onesignal:OneSignal:3.12.3] AndroidManifest.xml:101:17-84
146-->[com.onesignal:OneSignal:3.12.3] AndroidManifest.xml:101:25-81
147            </intent-filter>
148        </receiver>
149
150        <activity
150-->[com.google.firebase:firebase-auth:16.0.5] AndroidManifest.xml:24:9-31:50
151            android:name="com.google.firebase.auth.internal.FederatedSignInActivity"
151-->[com.google.firebase:firebase-auth:16.0.5] AndroidManifest.xml:25:13-85
152            android:excludeFromRecents="true"
152-->[com.google.firebase:firebase-auth:16.0.5] AndroidManifest.xml:26:13-46
153            android:exported="true"
153-->[com.google.firebase:firebase-auth:16.0.5] AndroidManifest.xml:27:13-36
154            android:launchMode="singleTask"
154-->[com.google.firebase:firebase-auth:16.0.5] AndroidManifest.xml:28:13-44
155            android:permission="com.google.firebase.auth.api.gms.permission.LAUNCH_FEDERATED_SIGN_IN"
155-->[com.google.firebase:firebase-auth:16.0.5] AndroidManifest.xml:29:13-102
156            android:theme="@android:style/Theme.Translucent.NoTitleBar" />
156-->[com.google.firebase:firebase-auth:16.0.5] AndroidManifest.xml:30:13-72
157
158        <service
158-->[com.google.firebase:firebase-auth:16.0.5] AndroidManifest.xml:33:9-39:19
159            android:name="com.google.firebase.components.ComponentDiscoveryService"
159-->[com.google.firebase:firebase-auth:16.0.5] AndroidManifest.xml:34:13-84
160            android:exported="false" >
160-->[com.google.firebase:firebase-auth:16.0.5] AndroidManifest.xml:35:13-37
161            <meta-data
161-->[com.google.firebase:firebase-auth:16.0.5] AndroidManifest.xml:36:13-38:85
162                android:name="com.google.firebase.components:com.google.firebase.auth.FirebaseAuthRegistrar"
162-->[com.google.firebase:firebase-auth:16.0.5] AndroidManifest.xml:37:17-109
163                android:value="com.google.firebase.components.ComponentRegistrar" />
163-->[com.google.firebase:firebase-auth:16.0.5] AndroidManifest.xml:38:17-82
164            <meta-data
164-->[com.google.firebase:firebase-iid:17.0.3] AndroidManifest.xml:32:13-34:85
165                android:name="com.google.firebase.components:com.google.firebase.iid.Registrar"
165-->[com.google.firebase:firebase-iid:17.0.3] AndroidManifest.xml:33:17-96
166                android:value="com.google.firebase.components.ComponentRegistrar" />
166-->[com.google.firebase:firebase-iid:17.0.3] AndroidManifest.xml:34:17-82
167        </service>
168
169        <meta-data
169-->[com.firebaseui:firebase-ui-database:2.1.1] AndroidManifest.xml:14:9-16:69
170            android:name="com.google.android.gms.version"
170-->[com.firebaseui:firebase-ui-database:2.1.1] AndroidManifest.xml:15:13-58
171            android:value="@integer/google_play_services_version" />
171-->[com.firebaseui:firebase-ui-database:2.1.1] AndroidManifest.xml:16:13-66
172
173        <provider
173-->[com.squareup.picasso:picasso:2.71828] AndroidManifest.xml:8:9-11:40
174            android:name="com.squareup.picasso.PicassoProvider"
174-->[com.squareup.picasso:picasso:2.71828] AndroidManifest.xml:9:13-64
175            android:authorities="com.example.hives.com.squareup.picasso"
175-->[com.squareup.picasso:picasso:2.71828] AndroidManifest.xml:10:13-72
176            android:exported="false" />
176-->[com.squareup.picasso:picasso:2.71828] AndroidManifest.xml:11:13-37
177
178        <receiver
178-->[com.google.firebase:firebase-analytics:16.0.4] AndroidManifest.xml:29:9-33:20
179            android:name="com.google.android.gms.measurement.AppMeasurementReceiver"
179-->[com.google.firebase:firebase-analytics:16.0.4] AndroidManifest.xml:30:13-85
180            android:enabled="true"
180-->[com.google.firebase:firebase-analytics:16.0.4] AndroidManifest.xml:31:13-35
181            android:exported="false" >
181-->[com.google.firebase:firebase-analytics:16.0.4] AndroidManifest.xml:32:13-37
182        </receiver>
183        <receiver
183-->[com.google.firebase:firebase-analytics:16.0.4] AndroidManifest.xml:34:9-42:20
184            android:name="com.google.android.gms.measurement.AppMeasurementInstallReferrerReceiver"
184-->[com.google.firebase:firebase-analytics:16.0.4] AndroidManifest.xml:35:13-100
185            android:enabled="true"
185-->[com.google.firebase:firebase-analytics:16.0.4] AndroidManifest.xml:36:13-35
186            android:exported="true"
186-->[com.google.firebase:firebase-analytics:16.0.4] AndroidManifest.xml:37:13-36
187            android:permission="android.permission.INSTALL_PACKAGES" >
187-->[com.google.firebase:firebase-analytics:16.0.4] AndroidManifest.xml:38:13-69
188            <intent-filter>
188-->[com.google.firebase:firebase-analytics:16.0.4] AndroidManifest.xml:39:13-41:29
189                <action android:name="com.android.vending.INSTALL_REFERRER" />
189-->[com.google.firebase:firebase-analytics:16.0.4] AndroidManifest.xml:40:17-79
189-->[com.google.firebase:firebase-analytics:16.0.4] AndroidManifest.xml:40:25-76
190            </intent-filter>
191        </receiver>
192
193        <service
193-->[com.google.firebase:firebase-analytics:16.0.4] AndroidManifest.xml:44:9-47:40
194            android:name="com.google.android.gms.measurement.AppMeasurementService"
194-->[com.google.firebase:firebase-analytics:16.0.4] AndroidManifest.xml:45:13-84
195            android:enabled="true"
195-->[com.google.firebase:firebase-analytics:16.0.4] AndroidManifest.xml:46:13-35
196            android:exported="false" />
196-->[com.google.firebase:firebase-analytics:16.0.4] AndroidManifest.xml:47:13-37
197        <service
197-->[com.google.firebase:firebase-analytics:16.0.4] AndroidManifest.xml:48:9-52:72
198            android:name="com.google.android.gms.measurement.AppMeasurementJobService"
198-->[com.google.firebase:firebase-analytics:16.0.4] AndroidManifest.xml:49:13-87
199            android:enabled="true"
199-->[com.google.firebase:firebase-analytics:16.0.4] AndroidManifest.xml:50:13-35
200            android:exported="false"
200-->[com.google.firebase:firebase-analytics:16.0.4] AndroidManifest.xml:51:13-37
201            android:permission="android.permission.BIND_JOB_SERVICE" />
201-->[com.google.firebase:firebase-analytics:16.0.4] AndroidManifest.xml:52:13-69
202        <!--
203             FirebaseMessagingService performs security checks at runtime,
204             no need for explicit permissions despite exported="true"
205        -->
206        <service
206-->[com.google.firebase:firebase-messaging:17.3.3] AndroidManifest.xml:28:9-34:19
207            android:name="com.google.firebase.messaging.FirebaseMessagingService"
207-->[com.google.firebase:firebase-messaging:17.3.3] AndroidManifest.xml:29:13-82
208            android:exported="true" >
208-->[com.google.firebase:firebase-messaging:17.3.3] AndroidManifest.xml:30:13-36
209            <intent-filter android:priority="-500" >
209-->[com.google.firebase:firebase-messaging:17.3.3] AndroidManifest.xml:31:13-33:29
209-->[com.google.firebase:firebase-messaging:17.3.3] AndroidManifest.xml:31:28-51
210                <action android:name="com.google.firebase.MESSAGING_EVENT" />
210-->[com.google.firebase:firebase-messaging:17.3.3] AndroidManifest.xml:32:17-78
210-->[com.google.firebase:firebase-messaging:17.3.3] AndroidManifest.xml:32:25-75
211            </intent-filter>
212        </service>
213
214        <receiver
214-->[com.google.firebase:firebase-iid:17.0.3] AndroidManifest.xml:37:9-44:20
215            android:name="com.google.firebase.iid.FirebaseInstanceIdReceiver"
215-->[com.google.firebase:firebase-iid:17.0.3] AndroidManifest.xml:38:13-78
216            android:exported="true"
216-->[com.google.firebase:firebase-iid:17.0.3] AndroidManifest.xml:39:13-36
217            android:permission="com.google.android.c2dm.permission.SEND" >
217-->[com.google.firebase:firebase-iid:17.0.3] AndroidManifest.xml:40:13-73
218            <intent-filter>
218-->[com.google.firebase:firebase-iid:17.0.3] AndroidManifest.xml:41:13-43:29
219                <action android:name="com.google.android.c2dm.intent.RECEIVE" />
219-->[com.onesignal:OneSignal:3.12.3] AndroidManifest.xml:63:17-81
219-->[com.onesignal:OneSignal:3.12.3] AndroidManifest.xml:63:25-78
220            </intent-filter>
221        </receiver>
222        <!--
223             FirebaseInstanceIdService performs security checks at runtime,
224             no need for explicit permissions despite exported="true"
225        -->
226        <service
226-->[com.google.firebase:firebase-iid:17.0.3] AndroidManifest.xml:50:9-56:19
227            android:name="com.google.firebase.iid.FirebaseInstanceIdService"
227-->[com.google.firebase:firebase-iid:17.0.3] AndroidManifest.xml:51:13-77
228            android:exported="true" >
228-->[com.google.firebase:firebase-iid:17.0.3] AndroidManifest.xml:52:13-36
229            <intent-filter android:priority="-500" >
229-->[com.google.firebase:firebase-iid:17.0.3] AndroidManifest.xml:53:13-55:29
229-->[com.google.firebase:firebase-iid:17.0.3] AndroidManifest.xml:53:28-51
230                <action android:name="com.google.firebase.INSTANCE_ID_EVENT" />
230-->[com.google.firebase:firebase-iid:17.0.3] AndroidManifest.xml:54:17-80
230-->[com.google.firebase:firebase-iid:17.0.3] AndroidManifest.xml:54:25-77
231            </intent-filter>
232        </service>
233
234        <activity
234-->[com.google.android.gms:play-services-base:16.0.1] AndroidManifest.xml:23:9-26:75
235            android:name="com.google.android.gms.common.api.GoogleApiActivity"
235-->[com.google.android.gms:play-services-base:16.0.1] AndroidManifest.xml:24:13-79
236            android:exported="false"
236-->[com.google.android.gms:play-services-base:16.0.1] AndroidManifest.xml:25:13-37
237            android:theme="@android:style/Theme.Translucent.NoTitleBar" />
237-->[com.google.android.gms:play-services-base:16.0.1] AndroidManifest.xml:26:13-72
238
239        <provider
239-->[com.google.firebase:firebase-common:16.0.3] AndroidManifest.xml:10:9-14:39
240            android:name="com.google.firebase.provider.FirebaseInitProvider"
240-->[com.google.firebase:firebase-common:16.0.3] AndroidManifest.xml:11:13-77
241            android:authorities="com.example.hives.firebaseinitprovider"
241-->[com.google.firebase:firebase-common:16.0.3] AndroidManifest.xml:12:13-72
242            android:exported="false"
242-->[com.google.firebase:firebase-common:16.0.3] AndroidManifest.xml:13:13-37
243            android:initOrder="100" />
243-->[com.google.firebase:firebase-common:16.0.3] AndroidManifest.xml:14:13-36
244        <provider
244-->[androidx.lifecycle:lifecycle-process:2.0.0] AndroidManifest.xml:23:9-27:43
245            android:name="androidx.lifecycle.ProcessLifecycleOwnerInitializer"
245-->[androidx.lifecycle:lifecycle-process:2.0.0] AndroidManifest.xml:24:13-79
246            android:authorities="com.example.hives.lifecycle-process"
246-->[androidx.lifecycle:lifecycle-process:2.0.0] AndroidManifest.xml:25:13-69
247            android:exported="false"
247-->[androidx.lifecycle:lifecycle-process:2.0.0] AndroidManifest.xml:26:13-37
248            android:multiprocess="true" />
248-->[androidx.lifecycle:lifecycle-process:2.0.0] AndroidManifest.xml:27:13-40
249    </application>
250
251</manifest>